#-----------------------------------------------------------
# Vivado v2016.2 (64-bit)
# SW Build 1577090 on Thu Jun  2 16:32:40 MDT 2016
# IP Build 1577682 on Fri Jun  3 12:00:54 MDT 2016
# Start of session at: Wed Oct 03 14:40:56 2018
# Process ID: 7716
# Current directory: C:/Users/Yingchen/Documents/GitHub/cg3207-lab2
# Command line: vivado.exe -gui_launcher_event rodinguilauncherevent9848 C:\Users\Yingchen\Documents\GitHub\cg3207-lab2\project_2.xpr
# Log file: C:/Users/Yingchen/Documents/GitHub/cg3207-lab2/vivado.log
# Journal file: C:/Users/Yingchen/Documents/GitHub/cg3207-lab2\vivado.jou
#-----------------------------------------------------------
start_gui
open_project C:/Users/Yingchen/Documents/GitHub/cg3207-lab2/project_2.xpr
Scanning sources...
Finished scanning sources
INFO: [IP_Flow 19-234] Refreshing IP repositories
INFO: [IP_Flow 19-1704] No user IP repositories specified
INFO: [IP_Flow 19-2313] Loaded Vivado IP repository 'D:/Vivado/Vivado/2016.2/data/ip'.
open_project: Time (s): cpu = 00:00:12 ; elapsed = 00:00:05 . Memory (MB): peak = 767.758 ; gain = 123.598
update_compile_order -fileset sources_1
launch_simulation
INFO: [USF-XSim-27] Simulation object is 'sim_1'
INFO: [USF-XSim-37] Inspecting design source files for 'test_Wrapper' in fileset 'sim_1'...
INFO: [USF-XSim-97] Finding global include files...
INFO: [USF-XSim-98] Fetching design files from 'sim_1'...
INFO: [USF-XSim-2] XSim::Compile design
INFO: [USF-XSim-61] Executing 'COMPILE and ANALYZE' step in 'C:/Users/Yingchen/Documents/GitHub/cg3207-lab2/project_2.sim/sim_1/behav'
"xvlog -m64 --relax -prj test_Wrapper_vlog.prj"
INFO: [VRFC 10-2263] Analyzing Verilog file "C:/Users/Yingchen/Documents/GitHub/cg3207-lab2/Shifter.v" into library xil_defaultlib
INFO: [VRFC 10-311] analyzing module Shifter
INFO: [VRFC 10-311] analyzing module shiftByNPowerOf2
INFO: [VRFC 10-2263] Analyzing Verilog file "C:/Users/Yingchen/Documents/GitHub/cg3207-lab2/RegFile.v" into library xil_defaultlib
INFO: [VRFC 10-311] analyzing module RegFile
INFO: [VRFC 10-2263] Analyzing Verilog file "C:/Users/Yingchen/Documents/GitHub/cg3207-lab2/Decoder.v" into library xil_defaultlib
INFO: [VRFC 10-311] analyzing module Decoder
INFO: [VRFC 10-2263] Analyzing Verilog file "C:/Users/Yingchen/Documents/GitHub/cg3207-lab2/ProgramCounter.v" into library xil_defaultlib
INFO: [VRFC 10-311] analyzing module ProgramCounter
INFO: [VRFC 10-2263] Analyzing Verilog file "C:/Users/Yingchen/Documents/GitHub/cg3207-lab2/CondLogic.v" into library xil_defaultlib
INFO: [VRFC 10-311] analyzing module CondLogic
INFO: [VRFC 10-2263] Analyzing Verilog file "C:/Users/Yingchen/Documents/GitHub/cg3207-lab2/Extend.v" into library xil_defaultlib
INFO: [VRFC 10-311] analyzing module Extend
INFO: [VRFC 10-2263] Analyzing Verilog file "C:/Users/Yingchen/Documents/GitHub/cg3207-lab2/ALU.v" into library xil_defaultlib
INFO: [VRFC 10-311] analyzing module ALU
INFO: [VRFC 10-2263] Analyzing Verilog file "C:/Users/Yingchen/Documents/GitHub/cg3207-lab2/ARM.v" into library xil_defaultlib
INFO: [VRFC 10-311] analyzing module ARM
INFO: [VRFC 10-2263] Analyzing Verilog file "C:/Users/Yingchen/Documents/GitHub/cg3207-lab2/Wrapper.v" into library xil_defaultlib
INFO: [VRFC 10-311] analyzing module Wrapper
INFO: [VRFC 10-2263] Analyzing Verilog file "C:/Users/Yingchen/Documents/GitHub/cg3207-lab2/test_Wrapper.v" into library xil_defaultlib
INFO: [VRFC 10-311] analyzing module test_Wrapper
INFO: [VRFC 10-2263] Analyzing Verilog file "C:/Users/Yingchen/Documents/GitHub/cg3207-lab2/project_2.sim/sim_1/behav/glbl.v" into library xil_defaultlib
INFO: [VRFC 10-311] analyzing module glbl
INFO: [USF-XSim-69] 'compile' step finished in '1' seconds
INFO: [USF-XSim-3] XSim::Elaborate design
INFO: [USF-XSim-61] Executing 'ELABORATE' step in 'C:/Users/Yingchen/Documents/GitHub/cg3207-lab2/project_2.sim/sim_1/behav'
Vivado Simulator 2016.2
Copyright 1986-1999, 2001-2016 Xilinx, Inc. All Rights Reserved.
Running: D:/Vivado/Vivado/2016.2/bin/unwrapped/win64.o/xelab.exe -wto 42243520492a43609fe5990344357198 --debug typical --relax --mt 2 -L xil_defaultlib -L unisims_ver -L unimacro_ver -L secureip --snapshot test_Wrapper_behav xil_defaultlib.test_Wrapper xil_defaultlib.glbl -log elaborate.log 
Using 2 slave threads.
Starting static elaboration
Completed static elaboration
Starting simulation data flow analysis
Completed simulation data flow analysis
Time Resolution for simulation is 1ps
Compiling module xil_defaultlib.RegFile
Compiling module xil_defaultlib.Extend
Compiling module xil_defaultlib.Decoder
Compiling module xil_defaultlib.CondLogic
Compiling module xil_defaultlib.shiftByNPowerOf2
Compiling module xil_defaultlib.shiftByNPowerOf2(i=1)
Compiling module xil_defaultlib.shiftByNPowerOf2(i=2)
Compiling module xil_defaultlib.shiftByNPowerOf2(i=3)
Compiling module xil_defaultlib.shiftByNPowerOf2(i=4)
Compiling module xil_defaultlib.Shifter
Compiling module xil_defaultlib.ALU
Compiling module xil_defaultlib.ProgramCounter
Compiling module xil_defaultlib.ARM
Compiling module xil_defaultlib.Wrapper
Compiling module xil_defaultlib.test_Wrapper
Compiling module xil_defaultlib.glbl
Built simulation snapshot test_Wrapper_behav

****** Webtalk v2016.2 (64-bit)
  **** SW Build 1577090 on Thu Jun  2 16:32:40 MDT 2016
  **** IP Build 1577682 on Fri Jun  3 12:00:54 MDT 2016
    ** Copyright 1986-2016 Xilinx, Inc. All Rights Reserved.

source C:/Users/Yingchen/Documents/GitHub/cg3207-lab2/project_2.sim/sim_1/behav/xsim.dir/test_Wrapper_behav/webtalk/xsim_webtalk.tcl -notrace
INFO: [Common 17-206] Exiting Webtalk at Wed Oct 03 14:41:20 2018...
INFO: [USF-XSim-69] 'elaborate' step finished in '2' seconds
INFO: [USF-XSim-4] XSim::Simulate design
INFO: [USF-XSim-61] Executing 'SIMULATE' step in 'C:/Users/Yingchen/Documents/GitHub/cg3207-lab2/project_2.sim/sim_1/behav'
INFO: [USF-XSim-98] *** Running xsim
   with args "test_Wrapper_behav -key {Behavioral:sim_1:Functional:test_Wrapper} -tclbatch {test_Wrapper.tcl} -view {C:/Users/Yingchen/Documents/GitHub/cg3207-lab2/test_Wrapper_behav.wcfg} -log {simulate.log}"
INFO: [USF-XSim-8] Loading simulator feature
Vivado Simulator 2016.2
Time resolution is 1 ps
open_wave_config C:/Users/Yingchen/Documents/GitHub/cg3207-lab2/test_Wrapper_behav.wcfg
source test_Wrapper.tcl
# set curr_wave [current_wave_config]
# if { [string length $curr_wave] == 0 } {
#   if { [llength [get_objects]] > 0} {
#     add_wave /
#     set_property needs_save false [current_wave_config]
#   } else {
#      send_msg_id Add_Wave-1 WARNING "No top level signals found. Simulator will start without a wave window. If you want to open a wave window go to 'File->New Waveform Configuration' or type 'create_wave_config' in the TCL console."
#   }
# }
# run 1000ns
INFO: [USF-XSim-96] XSim completed. Design snapshot 'test_Wrapper_behav' loaded.
INFO: [USF-XSim-97] XSim simulation ran for 1000ns
launch_simulation: Time (s): cpu = 00:00:03 ; elapsed = 00:00:06 . Memory (MB): peak = 767.758 ; gain = 0.000
run 100 us
close_sim
INFO: [Simtcl 6-16] Simulation closed
exit
INFO: [Common 17-206] Exiting Vivado at Wed Oct 03 14:46:53 2018...
